2021-07-09 09:58:28.751  INFO 440 --- [main] p.p.SmartHouse.SmartHouseApplication     : Starting SmartHouseApplication on Michal with PID 440 (started by spoma in D:\Desktop\InteliJ-workspace\20 Projects\SmartHouse)
2021-07-09 09:58:28.916  INFO 440 --- [main] p.p.SmartHouse.SmartHouseApplication     : No active profile set, falling back to default profiles: default
2021-07-09 09:58:30.953  INFO 440 --- [main] o.s.b.w.embedded.tomcat.TomcatWebServer  : Tomcat initialized with port(s): 8080 (http)
2021-07-09 09:58:30.962  INFO 440 --- [main] o.apache.catalina.core.StandardService   : Starting service [Tomcat]
2021-07-09 09:58:30.962  INFO 440 --- [main] org.apache.catalina.core.StandardEngine  : Starting Servlet engine: [Apache Tomcat/9.0.31]
2021-07-09 09:58:31.142  INFO 440 --- [main] o.a.c.c.C.[Tomcat].[localhost].[/]       : Initializing Spring embedded WebApplicationContext
2021-07-09 09:58:31.142  INFO 440 --- [main] o.s.web.context.ContextLoader            : Root WebApplicationContext: initialization completed in 2089 ms
2021-07-09 09:58:33.551  INFO 440 --- [main] c.v.f.s.VaadinServletContextInitializer  : Search for subclasses and classes with annotations took 2 seconds
2021-07-09 09:58:33.555  INFO 440 --- [main] c.v.f.server.startup.DevModeInitializer  : Starting dev-mode updaters in D:\Desktop\InteliJ-workspace\20 Projects\SmartHouse folder.
2021-07-09 09:58:33.708  INFO 440 --- [main] dev-updater                              : Visited 94 classes. Took 24 ms.
2021-07-09 09:58:33.782  INFO 440 --- [main] dev-updater                              : Skipping `npm install`.
2021-07-09 09:58:33.783  INFO 440 --- [main] dev-updater                              : Copying frontend resources from jar files ...
2021-07-09 09:58:34.051  INFO 440 --- [main] dev-updater                              : Visited 12 resources. Took 268 ms.
2021-07-09 09:58:34.079  WARN 440 --- [main] dev-updater                              : Use the './' prefix for files in the 'D:\Desktop\InteliJ-workspace\20 Projects\SmartHouse\.\frontend' folder: 'styles.css', please update your annotations.
2021-07-09 09:58:34.242  INFO 440 --- [main] dev-updater                              : No js modules to update 'D:\Desktop\InteliJ-workspace\20 Projects\SmartHouse\target\frontend\generated-flow-imports.js' file
2021-07-09 09:58:35.972  INFO 440 --- [main] dev-webpack                              : Starting webpack-dev-server, port: 57655 dir: D:\Desktop\InteliJ-workspace\20 Projects\SmartHouse
2021-07-09 09:58:35.975  INFO 440 --- [main] dev-webpack                              : Running webpack to compile frontend resources. This may take a moment, please stand by...
2021-07-09 09:59:07.227  INFO 440 --- [main] dev-webpack                              : Webpack startup and compilation completed in 31255ms
2021-07-09 09:59:07.443  INFO 440 --- [main] org.mongodb.driver.cluster               : Cluster created with settings {hosts=[localhost:27017], mode=SINGLE, requiredClusterType=UNKNOWN, serverSelectionTimeout='30000 ms', maxWaitQueueSize=500}
2021-07-09 09:59:07.564  INFO 440 --- [cluster-ClusterId{value='60e801cb39069a062fb4aee2', description='null'}-localhost:27017] org.mongodb.driver.connection            : Opened connection [connectionId{localValue:1, serverValue:59}] to localhost:27017
2021-07-09 09:59:07.569  INFO 440 --- [cluster-ClusterId{value='60e801cb39069a062fb4aee2', description='null'}-localhost:27017] org.mongodb.driver.cluster               : Monitor thread successfully connected to server with description ServerDescription{address=localhost:27017, type=STANDALONE, state=CONNECTED, ok=true, version=ServerVersion{versionList=[4, 2, 3]}, minWireVersion=0, maxWireVersion=8, maxDocumentSize=16777216, logicalSessionTimeoutMinutes=30, roundTripTimeNanos=2696500}
2021-07-09 09:59:07.601  INFO 440 --- [main] org.mongodb.driver.connection            : Opened connection [connectionId{localValue:2, serverValue:60}] to localhost:27017
2021-07-09 09:59:07.937  INFO 440 --- [main] o.s.s.concurrent.ThreadPoolTaskExecutor  : Initializing ExecutorService 'applicationTaskExecutor'
2021-07-09 09:59:08.072  INFO 440 --- [main] org.mongodb.driver.cluster               : Cluster created with settings {hosts=[localhost:27017], mode=SINGLE, requiredClusterType=UNKNOWN, serverSelectionTimeout='30000 ms', maxWaitQueueSize=500}
2021-07-09 09:59:08.077  INFO 440 --- [cluster-ClusterId{value='60e801cc39069a062fb4aee3', description='null'}-localhost:27017] org.mongodb.driver.connection            : Opened connection [connectionId{localValue:3, serverValue:61}] to localhost:27017
2021-07-09 09:59:08.078  INFO 440 --- [cluster-ClusterId{value='60e801cc39069a062fb4aee3', description='null'}-localhost:27017] org.mongodb.driver.cluster               : Monitor thread successfully connected to server with description ServerDescription{address=localhost:27017, type=STANDALONE, state=CONNECTED, ok=true, version=ServerVersion{versionList=[4, 2, 3]}, minWireVersion=0, maxWireVersion=8, maxDocumentSize=16777216, logicalSessionTimeoutMinutes=30, roundTripTimeNanos=684000}
2021-07-09 09:59:08.306  INFO 440 --- [main] o.s.s.web.DefaultSecurityFilterChain     : Creating filter chain: any request, [org.springframework.security.web.context.request.async.WebAsyncManagerIntegrationFilter@433ae644, org.springframework.security.web.context.SecurityContextPersistenceFilter@1b0c0b3e, org.springframework.security.web.header.HeaderWriterFilter@6a146acb, org.springframework.security.web.authentication.logout.LogoutFilter@2e3bfce8, org.springframework.security.web.authentication.UsernamePasswordAuthenticationFilter@daa6654, org.springframework.security.web.authentication.ui.DefaultLoginPageGeneratingFilter@4f67dbce, org.springframework.security.web.authentication.ui.DefaultLogoutPageGeneratingFilter@653b49c4, org.springframework.security.web.savedrequest.RequestCacheAwareFilter@5960fd98, org.springframework.security.web.servletapi.SecurityContextHolderAwareRequestFilter@44ccebf1, org.springframework.security.web.authentication.AnonymousAuthenticationFilter@687eb9c9, org.springframework.security.web.session.SessionManagementFilter@5354b0bc, org.springframework.security.web.access.ExceptionTranslationFilter@165348d0, org.springframework.security.web.access.intercept.FilterSecurityInterceptor@2ba8f528]
2021-07-09 09:59:08.367  INFO 440 --- [main] org.atmosphere.cpr.AtmosphereFramework   : Installed AtmosphereHandler com.vaadin.flow.server.communication.PushAtmosphereHandler mapped to context-path: /*
2021-07-09 09:59:08.368  INFO 440 --- [main] org.atmosphere.cpr.AtmosphereFramework   : Installed the following AtmosphereInterceptor mapped to AtmosphereHandler com.vaadin.flow.server.communication.PushAtmosphereHandler
2021-07-09 09:59:08.416  INFO 440 --- [main] org.atmosphere.cpr.AtmosphereFramework   : Atmosphere is using org.atmosphere.util.VoidAnnotationProcessor for processing annotation
2021-07-09 09:59:08.433  INFO 440 --- [main] org.atmosphere.util.ForkJoinPool         : Using ForkJoinPool  java.util.concurrent.ForkJoinPool. Set the org.atmosphere.cpr.broadcaster.maxAsyncWriteThreads to -1 to fully use its power.
2021-07-09 09:59:08.438  INFO 440 --- [main] org.atmosphere.cpr.AtmosphereFramework   : Installed WebSocketProtocol org.atmosphere.websocket.protocol.SimpleHttpProtocol 
2021-07-09 09:59:08.449  INFO 440 --- [main] o.a.container.JSR356AsyncSupport         : JSR 356 Mapping path /vaadinServlet
2021-07-09 09:59:08.467  INFO 440 --- [main] org.atmosphere.cpr.AtmosphereFramework   : Installing Default AtmosphereInterceptors
2021-07-09 09:59:08.467  INFO 440 --- [main] org.atmosphere.cpr.AtmosphereFramework   : 	org.atmosphere.interceptor.CorsInterceptor : CORS Interceptor Support
2021-07-09 09:59:08.467  INFO 440 --- [main] org.atmosphere.cpr.AtmosphereFramework   : 	org.atmosphere.interceptor.CacheHeadersInterceptor : Default Response's Headers Interceptor
2021-07-09 09:59:08.468  INFO 440 --- [main] org.atmosphere.cpr.AtmosphereFramework   : 	org.atmosphere.interceptor.PaddingAtmosphereInterceptor : Browser Padding Interceptor Support
2021-07-09 09:59:08.469  INFO 440 --- [main] org.atmosphere.cpr.AtmosphereFramework   : 	org.atmosphere.interceptor.AndroidAtmosphereInterceptor : Android Interceptor Support
2021-07-09 09:59:08.469  INFO 440 --- [main] org.atmosphere.cpr.AtmosphereFramework   : Dropping Interceptor org.atmosphere.interceptor.HeartbeatInterceptor
2021-07-09 09:59:08.470  INFO 440 --- [main] org.atmosphere.cpr.AtmosphereFramework   : 	org.atmosphere.interceptor.SSEAtmosphereInterceptor : SSE Interceptor Support
2021-07-09 09:59:08.470  INFO 440 --- [main] org.atmosphere.cpr.AtmosphereFramework   : 	org.atmosphere.interceptor.JSONPAtmosphereInterceptor : JSONP Interceptor Support
2021-07-09 09:59:08.472  INFO 440 --- [main] org.atmosphere.cpr.AtmosphereFramework   : 	org.atmosphere.interceptor.JavaScriptProtocol : Atmosphere JavaScript Protocol
2021-07-09 09:59:08.472  INFO 440 --- [main] org.atmosphere.cpr.AtmosphereFramework   : 	org.atmosphere.interceptor.WebSocketMessageSuspendInterceptor : org.atmosphere.interceptor.WebSocketMessageSuspendInterceptor
2021-07-09 09:59:08.473  INFO 440 --- [main] org.atmosphere.cpr.AtmosphereFramework   : 	org.atmosphere.interceptor.OnDisconnectInterceptor : Browser disconnection detection
2021-07-09 09:59:08.473  INFO 440 --- [main] org.atmosphere.cpr.AtmosphereFramework   : 	org.atmosphere.interceptor.IdleResourceInterceptor : org.atmosphere.interceptor.IdleResourceInterceptor
2021-07-09 09:59:08.473  INFO 440 --- [main] org.atmosphere.cpr.AtmosphereFramework   : Set org.atmosphere.cpr.AtmosphereInterceptor.disableDefaults to disable them.
2021-07-09 09:59:08.475  INFO 440 --- [main] org.atmosphere.cpr.AtmosphereFramework   : Installed AtmosphereInterceptor CORS Interceptor Support with priority FIRST_BEFORE_DEFAULT 
2021-07-09 09:59:08.482  INFO 440 --- [main] org.atmosphere.cpr.AtmosphereFramework   : Installed AtmosphereInterceptor Default Response's Headers Interceptor with priority AFTER_DEFAULT 
2021-07-09 09:59:08.483  INFO 440 --- [main] org.atmosphere.cpr.AtmosphereFramework   : Installed AtmosphereInterceptor Browser Padding Interceptor Support with priority AFTER_DEFAULT 
2021-07-09 09:59:08.483  INFO 440 --- [main] org.atmosphere.cpr.AtmosphereFramework   : Installed AtmosphereInterceptor Android Interceptor Support with priority AFTER_DEFAULT 
2021-07-09 09:59:08.483  INFO 440 --- [main] org.atmosphere.cpr.AtmosphereFramework   : Installed AtmosphereInterceptor SSE Interceptor Support with priority AFTER_DEFAULT 
2021-07-09 09:59:08.483  INFO 440 --- [main] org.atmosphere.cpr.AtmosphereFramework   : Installed AtmosphereInterceptor JSONP Interceptor Support with priority AFTER_DEFAULT 
2021-07-09 09:59:08.483  INFO 440 --- [main] org.atmosphere.cpr.AtmosphereFramework   : Installed AtmosphereInterceptor Atmosphere JavaScript Protocol with priority AFTER_DEFAULT 
2021-07-09 09:59:08.483  INFO 440 --- [main] org.atmosphere.cpr.AtmosphereFramework   : Installed AtmosphereInterceptor org.atmosphere.interceptor.WebSocketMessageSuspendInterceptor with priority AFTER_DEFAULT 
2021-07-09 09:59:08.484  INFO 440 --- [main] org.atmosphere.cpr.AtmosphereFramework   : Installed AtmosphereInterceptor Browser disconnection detection with priority AFTER_DEFAULT 
2021-07-09 09:59:08.484  INFO 440 --- [main] org.atmosphere.cpr.AtmosphereFramework   : Installed AtmosphereInterceptor org.atmosphere.interceptor.IdleResourceInterceptor with priority BEFORE_DEFAULT 
2021-07-09 09:59:08.484  INFO 440 --- [main] org.atmosphere.cpr.AtmosphereFramework   : Using EndpointMapper class org.atmosphere.util.DefaultEndpointMapper
2021-07-09 09:59:08.484  INFO 440 --- [main] org.atmosphere.cpr.AtmosphereFramework   : Using BroadcasterCache: org.atmosphere.cache.UUIDBroadcasterCache
2021-07-09 09:59:08.484  INFO 440 --- [main] org.atmosphere.cpr.AtmosphereFramework   : Default Broadcaster Class: org.atmosphere.cpr.DefaultBroadcaster
2021-07-09 09:59:08.484  INFO 440 --- [main] org.atmosphere.cpr.AtmosphereFramework   : Broadcaster Shared List Resources: false
2021-07-09 09:59:08.485  INFO 440 --- [main] org.atmosphere.cpr.AtmosphereFramework   : Broadcaster Polling Wait Time 100
2021-07-09 09:59:08.485  INFO 440 --- [main] org.atmosphere.cpr.AtmosphereFramework   : Shared ExecutorService supported: true
2021-07-09 09:59:08.485  INFO 440 --- [main] org.atmosphere.cpr.AtmosphereFramework   : Messaging ExecutorService Pool Size unavailable - Not instance of ThreadPoolExecutor
2021-07-09 09:59:08.485  INFO 440 --- [main] org.atmosphere.cpr.AtmosphereFramework   : Async I/O Thread Pool Size: 200
2021-07-09 09:59:08.485  INFO 440 --- [main] org.atmosphere.cpr.AtmosphereFramework   : Using BroadcasterFactory: org.atmosphere.cpr.DefaultBroadcasterFactory
2021-07-09 09:59:08.485  INFO 440 --- [main] org.atmosphere.cpr.AtmosphereFramework   : Using AtmosphereResurceFactory: org.atmosphere.cpr.DefaultAtmosphereResourceFactory
2021-07-09 09:59:08.485  INFO 440 --- [main] org.atmosphere.cpr.AtmosphereFramework   : Using WebSocketProcessor: org.atmosphere.websocket.DefaultWebSocketProcessor
2021-07-09 09:59:08.489  INFO 440 --- [main] org.atmosphere.cpr.AtmosphereFramework   : Invoke AtmosphereInterceptor on WebSocket message true
2021-07-09 09:59:08.490  INFO 440 --- [main] org.atmosphere.cpr.AtmosphereFramework   : HttpSession supported: true
2021-07-09 09:59:08.490  INFO 440 --- [main] org.atmosphere.cpr.AtmosphereFramework   : Atmosphere is using DefaultAtmosphereObjectFactory for dependency injection and object creation
2021-07-09 09:59:08.490  INFO 440 --- [main] org.atmosphere.cpr.AtmosphereFramework   : Atmosphere is using async support: org.atmosphere.container.JSR356AsyncSupport running under container: Apache Tomcat/9.0.31 using javax.servlet/3.0 and jsr356/WebSocket API
2021-07-09 09:59:08.490  INFO 440 --- [main] org.atmosphere.cpr.AtmosphereFramework   : Atmosphere Framework 2.4.30.slf4jvaadin1 started.
2021-07-09 09:59:08.496  INFO 440 --- [main] org.atmosphere.cpr.AtmosphereFramework   : Installed AtmosphereInterceptor  Track Message Size Interceptor using | with priority BEFORE_DEFAULT 
2021-07-09 09:59:08.542  INFO 440 --- [main] o.s.b.w.embedded.tomcat.TomcatWebServer  : Tomcat started on port(s): 8080 (http) with context path ''
2021-07-09 09:59:08.547  INFO 440 --- [main] p.p.SmartHouse.SmartHouseApplication     : Started SmartHouseApplication in 40.66 seconds (JVM running for 42.374)
2021-07-09 10:10:44.391  INFO 440 --- [http-nio-8080-exec-1] o.a.c.c.C.[Tomcat].[localhost].[/]       : Initializing Spring DispatcherServlet 'dispatcherServlet'
2021-07-09 10:10:44.391  INFO 440 --- [http-nio-8080-exec-1] o.s.web.servlet.DispatcherServlet        : Initializing Servlet 'dispatcherServlet'
2021-07-09 10:10:44.399  INFO 440 --- [http-nio-8080-exec-1] o.s.web.servlet.DispatcherServlet        : Completed initialization in 8 ms
2021-07-09 10:10:44.469  WARN 440 --- [http-nio-8080-exec-1] c.v.f.s.DefaultDeploymentConfiguration   : 
====================================================================
Vaadin is running in DEBUG MODE.
In order to run your application in production mode and disable debug features, you should enable it by setting the servlet init parameter productionMode to true.
See https://vaadin.com/docs/v14/flow/production/tutorial-production-mode-basic.html for more information about the production mode.
====================================================================
2021-07-09 10:10:44.653  WARN 440 --- [http-nio-8080-exec-1] o.a.c.util.SessionIdGeneratorBase        : Creation of SecureRandom instance for session ID generation using [SHA1PRNG] took [144] milliseconds.
2021-07-09 10:10:44.661  INFO 440 --- [http-nio-8080-exec-1] c.vaadin.flow.spring.SpringInstantiator  : The number of beans implementing 'I18NProvider' is 0. Cannot use Spring beans for I18N, falling back to the default behavior
